example/backupbuild/app/outputs/logs/manifest-merger-debug-report.txt
-- Merging decision tree log ---
manifest
ADDED from src/main/AndroidManifest.xml:1:1-38:12
INJECTED from src/main/AndroidManifest.xml:1:1-38:12
INJECTED from src/main/AndroidManifest.xml:1:1-38:12
INJECTED from src/main/AndroidManifest.xml:1:1-38:12
MERGED from src/main/AndroidManifest.xml:1:1-38:12
MERGED from [:zendesk_flutter_plugin] AndroidManifest.xml:2:1-7:12
MERGED from [com.zopim.android:sdk:1.4.5] AndroidManifest.xml:8:1-47:12
MERGED from [com.zendesk:support:3.0.1] AndroidManifest.xml:8:1-56:12
MERGED from [com.zendesk:common-ui:1.0.4] AndroidManifest.xml:2:1-11:12
MERGED from [com.zendesk.belvedere2:belvedere:2.2.3] AndroidManifest.xml:2:1-13:12
MERGED from [com.android.support:design:28.0.0] AndroidManifest.xml:17:1-24:12
MERGED from [com.zopim.android:sdk-api:1.4.5] AndroidManifest.xml:8:1-32:12
MERGED from [com.zendesk:belvedere:1.1.1.1] AndroidManifest.xml:2:1-23:12
MERGED from [com.android.support:appcompat-v7:28.0.0] AndroidManifest.xml:17:1-22:12
MERGED from [com.android.support:support-v4:28.0.0] AndroidManifest.xml:17:1-22:12
MERGED from [android.arch.lifecycle:extensions:1.1.1] AndroidManifest.xml:17:1-30:12
MERGED from [com.zendesk.belvedere2:belvedere-core:2.2.3] AndroidManifest.xml:2:1-24:12
MERGED from [com.android.support:support-fragment:28.0.0] AndroidManifest.xml:17:1-22:12
MERGED from [com.android.support:recyclerview-v7:28.0.0] AndroidManifest.xml:17:1-22:12
MERGED from [com.android.support:animated-vector-drawable:28.0.0] AndroidManifest.xml:17:1-22:12
MERGED from [com.android.support:support-core-ui:28.0.0] AndroidManifest.xml:17:1-22:12
MERGED from [com.android.support:support-core-utils:28.0.0] AndroidManifest.xml:17:1-22:12
MERGED from [com.android.support:transition:28.0.0] AndroidManifest.xml:17:1-22:12
MERGED from [com.android.support:viewpager:28.0.0] AndroidManifest.xml:17:1-22:12
MERGED from [com.android.support:coordinatorlayout:28.0.0] AndroidManifest.xml:17:1-22:12
MERGED from [com.android.support:drawerlayout:28.0.0] AndroidManifest.xml:17:1-22:12
MERGED from [com.android.support:slidingpanelayout:28.0.0] AndroidManifest.xml:17:1-22:12
MERGED from [com.android.support:customview:28.0.0] AndroidManifest.xml:17:1-22:12
MERGED from [com.android.support:swiperefreshlayout:28.0.0] AndroidManifest.xml:17:1-22:12
MERGED from [com.android.support:asynclayoutinflater:28.0.0] AndroidManifest.xml:17:1-22:12
MERGED from [com.android.support:loader:28.0.0] AndroidManifest.xml:17:1-22:12
MERGED from [com.android.support:support-vector-drawable:28.0.0] AndroidManifest.xml:17:1-22:12
MERGED from [com.android.support:support-media-compat:28.0.0] AndroidManifest.xml:17:1-22:12
MERGED from [com.android.support:support-compat:28.0.0] AndroidManifest.xml:17:1-24:12
MERGED from [com.android.support:cardview-v7:28.0.0] AndroidManifest.xml:17:1-22:12
MERGED from [com.sebchlan.picassocompat:picassocompat:1.2.1] AndroidManifest.xml:2:1-11:12
MERGED from [com.zendesk:support-providers:3.0.1] AndroidManifest.xml:2:1-11:12
MERGED from [com.google.dagger:dagger-android:2.23.2] AndroidManifest.xml:17:1-22:12
MERGED from [com.android.support:versionedparcelable:28.0.0] AndroidManifest.xml:17:1-25:12
MERGED from [android.arch.lifecycle:runtime:1.1.1] AndroidManifest.xml:17:1-22:12
MERGED from [com.android.support:interpolator:28.0.0] AndroidManifest.xml:17:1-22:12
MERGED from [com.android.support:cursoradapter:28.0.0] AndroidManifest.xml:17:1-22:12
MERGED from [com.android.support:documentfile:28.0.0] AndroidManifest.xml:17:1-22:12
MERGED from [com.android.support:localbroadcastmanager:28.0.0] AndroidManifest.xml:17:1-22:12
MERGED from [com.android.support:print:28.0.0] AndroidManifest.xml:17:1-22:12
MERGED from [android.arch.lifecycle:viewmodel:1.1.1] AndroidManifest.xml:17:1-22:12
MERGED from [com.zendesk:core:3.0.2] AndroidManifest.xml:2:1-18:12
MERGED from [android.arch.lifecycle:livedata:1.1.1] AndroidManifest.xml:17:1-22:12
MERGED from [android.arch.lifecycle:livedata-core:1.1.1] AndroidManifest.xml:17:1-22:12
MERGED from [android.arch.core:runtime:1.1.1] AndroidManifest.xml:17:1-22:12
MERGED from [com.sebchlan.picassocompat:picassocompat-252:1.2.1] AndroidManifest.xml:2:1-11:12
MERGED from [com.sebchlan.picassocompat:picassocompat-271828:1.2.1] AndroidManifest.xml:2:1-11:12
MERGED from [com.sebchlan.picassocompat:picassocompat-parent:1.2.1] AndroidManifest.xml:2:1-11:12
MERGED from [com.crashlytics.sdk.android:answers-shim:0.0.6] AndroidManifest.xml:2:1-13:12
INJECTED from src/debug/AndroidManifest.xml:1:1-7:12
INJECTED from src/debug/AndroidManifest.xml:1:1-7:12
INJECTED from src/debug/AndroidManifest.xml:1:1-7:12
	package
		ADDED from src/main/AndroidManifest.xml:2:5-59
		INJECTED from src/main/AndroidManifest.xml
		INJECTED from src/debug/AndroidManifest.xml
	android:versionName
		INJECTED from src/main/AndroidManifest.xml
		ADDED from src/main/AndroidManifest.xml:1:1-38:12
		INJECTED from src/debug/AndroidManifest.xml
	android:versionCode
		INJECTED from src/main/AndroidManifest.xml
		ADDED from src/main/AndroidManifest.xml:1:1-38:12
		INJECTED from src/debug/AndroidManifest.xml
	xmlns:android
		ADDED from src/main/AndroidManifest.xml:1:11-69
application
ADDED from src/main/AndroidManifest.xml:9:5-37:19
MERGED from [com.zopim.android:sdk:1.4.5] AndroidManifest.xml:22:5-45:19
MERGED from [com.zopim.android:sdk:1.4.5] AndroidManifest.xml:22:5-45:19
MERGED from [com.zendesk:support:3.0.1] AndroidManifest.xml:25:5-54:19
MERGED from [com.zendesk:support:3.0.1] AndroidManifest.xml:25:5-54:19
MERGED from [com.android.support:design:28.0.0] AndroidManifest.xml:22:5-20
MERGED from [com.android.support:design:28.0.0] AndroidManifest.xml:22:5-20
MERGED from [com.zopim.android:sdk-api:1.4.5] AndroidManifest.xml:24:5-30:19
MERGED from [com.zopim.android:sdk-api:1.4.5] AndroidManifest.xml:24:5-30:19
MERGED from [com.zendesk:belvedere:1.1.1.1] AndroidManifest.xml:11:5-21:19
MERGED from [com.zendesk:belvedere:1.1.1.1] AndroidManifest.xml:11:5-21:19
MERGED from [android.arch.lifecycle:extensions:1.1.1] AndroidManifest.xml:22:5-28:19
MERGED from [android.arch.lifecycle:extensions:1.1.1] AndroidManifest.xml:22:5-28:19
MERGED from [com.zendesk.belvedere2:belvedere-core:2.2.3] AndroidManifest.xml:11:5-22:19
MERGED from [com.zendesk.belvedere2:belvedere-core:2.2.3] AndroidManifest.xml:11:5-22:19
MERGED from [com.android.support:support-compat:28.0.0] AndroidManifest.xml:22:5-94
MERGED from [com.android.support:support-compat:28.0.0] AndroidManifest.xml:22:5-94
MERGED from [com.android.support:versionedparcelable:28.0.0] AndroidManifest.xml:22:5-23:19
MERGED from [com.android.support:versionedparcelable:28.0.0] AndroidManifest.xml:22:5-23:19
MERGED from [com.zendesk:core:3.0.2] AndroidManifest.xml:15:5-16:19
MERGED from [com.zendesk:core:3.0.2] AndroidManifest.xml:15:5-16:19
MERGED from [com.crashlytics.sdk.android:answers-shim:0.0.6] AndroidManifest.xml:11:5-20
MERGED from [com.crashlytics.sdk.android:answers-shim:0.0.6] AndroidManifest.xml:11:5-20
	android:appComponentFactory
		ADDED from [com.android.support:support-compat:28.0.0] AndroidManifest.xml:22:18-91
	android:supportsRtl
		ADDED from src/main/AndroidManifest.xml:13:9-35
	android:label
		ADDED from src/main/AndroidManifest.xml:11:9-55
	tools:ignore
		ADDED from [com.zendesk:support:3.0.1] AndroidManifest.xml:25:18-48
	android:icon
		ADDED from src/main/AndroidManifest.xml:15:9-43
	android:allowBackup
		ADDED from src/main/AndroidManifest.xml:12:9-35
	android:theme
		ADDED from src/main/AndroidManifest.xml:14:9-40
	android:name
		ADDED from src/main/AndroidManifest.xml:10:9-57
activity#com.getchange.zendesk_flutter_plugin_example.MainActivity
ADDED from src/main/AndroidManifest.xml:16:9-35:20
	android:launchMode
		ADDED from src/main/AndroidManifest.xml:18:13-43
	android:hardwareAccelerated
		ADDED from src/main/AndroidManifest.xml:21:13-47
	android:windowSoftInputMode
		ADDED from src/main/AndroidManifest.xml:22:13-55
	android:configChanges
		ADDED from src/main/AndroidManifest.xml:20:13-144
	android:theme
		ADDED from src/main/AndroidManifest.xml:19:13-47
	android:name
		ADDED from src/main/AndroidManifest.xml:17:13-41
meta-data#io.flutter.app.android.SplashScreenUntilFirstFrame
ADDED from src/main/AndroidManifest.xml:28:13-30:40
	android:value
		ADDED from src/main/AndroidManifest.xml:30:17-37
	android:name
		ADDED from src/main/AndroidManifest.xml:29:17-82
intent-filter#action:name:android.intent.action.MAIN+category:name:android.intent.category.LAUNCHER
ADDED from src/main/AndroidManifest.xml:31:13-34:29
action#android.intent.action.MAIN
ADDED from src/main/AndroidManifest.xml:32:17-68
	android:name
		ADDED from src/main/AndroidManifest.xml:32:25-66
category#android.intent.category.LAUNCHER
ADDED from src/main/AndroidManifest.xml:33:17-76
	android:name
		ADDED from src/main/AndroidManifest.xml:33:27-74
uses-sdk
INJECTED from src/main/AndroidManifest.xml reason: use-sdk injection requested
INJECTED from src/main/AndroidManifest.xml
INJECTED from src/main/AndroidManifest.xml
MERGED from [:zendesk_flutter_plugin] AndroidManifest.xml:5:5-44
MERGED from [:zendesk_flutter_plugin] AndroidManifest.xml:5:5-44
MERGED from [com.zopim.android:sdk:1.4.5] AndroidManifest.xml:13:5-15:41
MERGED from [com.zopim.android:sdk:1.4.5] AndroidManifest.xml:13:5-15:41
MERGED from [com.zendesk:support:3.0.1] AndroidManifest.xml:14:5-16:41
MERGED from [com.zendesk:support:3.0.1] AndroidManifest.xml:14:5-16:41
MERGED from [com.zendesk:common-ui:1.0.4] AndroidManifest.xml:7:5-9:41
MERGED from [com.zendesk:common-ui:1.0.4] AndroidManifest.xml:7:5-9:41
MERGED from [com.zendesk.belvedere2:belvedere:2.2.3] AndroidManifest.xml:7:5-9:41
MERGED from [com.zendesk.belvedere2:belvedere:2.2.3] AndroidManifest.xml:7:5-9:41
MERGED from [com.android.support:design:28.0.0] AndroidManifest.xml:20:5-44
MERGED from [com.android.support:design:28.0.0] AndroidManifest.xml:20:5-44
MERGED from [com.zopim.android:sdk-api:1.4.5] AndroidManifest.xml:13:5-15:41
MERGED from [com.zopim.android:sdk-api:1.4.5] AndroidManifest.xml:13:5-15:41
MERGED from [com.zendesk:belvedere:1.1.1.1] AndroidManifest.xml:7:5-9:41
MERGED from [com.zendesk:belvedere:1.1.1.1] AndroidManifest.xml:7:5-9:41
MERGED from [com.android.support:appcompat-v7:28.0.0] AndroidManifest.xml:20:5-44
MERGED from [com.android.support:appcompat-v7:28.0.0] AndroidManifest.xml:20:5-44
MERGED from [com.android.support:support-v4:28.0.0] AndroidManifest.xml:20:5-44
MERGED from [com.android.support:support-v4:28.0.0] AndroidManifest.xml:20:5-44
MERGED from [android.arch.lifecycle:extensions:1.1.1] AndroidManifest.xml:20:5-44
MERGED from [android.arch.lifecycle:extensions:1.1.1] AndroidManifest.xml:20:5-44
MERGED from [com.zendesk.belvedere2:belvedere-core:2.2.3] AndroidManifest.xml:7:5-9:41
MERGED from [com.zendesk.belvedere2:belvedere-core:2.2.3] AndroidManifest.xml:7:5-9:41
MERGED from [com.android.support:support-fragment:28.0.0] AndroidManifest.xml:20:5-44
MERGED from [com.android.support:support-fragment:28.0.0] AndroidManifest.xml:20:5-44
MERGED from [com.android.support:recyclerview-v7:28.0.0] AndroidManifest.xml:20:5-44
MERGED from [com.android.support:recyclerview-v7:28.0.0] AndroidManifest.xml:20:5-44
MERGED from [com.android.support:animated-vector-drawable:28.0.0] AndroidManifest.xml:20:5-44
MERGED from [com.android.support:animated-vector-drawable:28.0.0] AndroidManifest.xml:20:5-44
MERGED from [com.android.support:support-core-ui:28.0.0] AndroidManifest.xml:20:5-44
MERGED from [com.android.support:support-core-ui:28.0.0] AndroidManifest.xml:20:5-44
MERGED from [com.android.support:support-core-utils:28.0.0] AndroidManifest.xml:20:5-44
MERGED from [com.android.support:support-core-utils:28.0.0] AndroidManifest.xml:20:5-44
MERGED from [com.android.support:transition:28.0.0] AndroidManifest.xml:20:5-44
MERGED from [com.android.support:transition:28.0.0] AndroidManifest.xml:20:5-44
MERGED from [com.android.support:viewpager:28.0.0] AndroidManifest.xml:20:5-44
MERGED from [com.android.support:viewpager:28.0.0] AndroidManifest.xml:20:5-44
MERGED from [com.android.support:coordinatorlayout:28.0.0] AndroidManifest.xml:20:5-44
MERGED from [com.android.support:coordinatorlayout:28.0.0] AndroidManifest.xml:20:5-44
MERGED from [com.android.support:drawerlayout:28.0.0] AndroidManifest.xml:20:5-44
MERGED from [com.android.support:drawerlayout:28.0.0] AndroidManifest.xml:20:5-44
MERGED from [com.android.support:slidingpanelayout:28.0.0] AndroidManifest.xml:20:5-44
MERGED from [com.android.support:slidingpanelayout:28.0.0] AndroidManifest.xml:20:5-44
MERGED from [com.android.support:customview:28.0.0] AndroidManifest.xml:20:5-44
MERGED from [com.android.support:customview:28.0.0] AndroidManifest.xml:20:5-44
MERGED from [com.android.support:swiperefreshlayout:28.0.0] AndroidManifest.xml:20:5-44
MERGED from [com.android.support:swiperefreshlayout:28.0.0] AndroidManifest.xml:20:5-44
MERGED from [com.android.support:asynclayoutinflater:28.0.0] AndroidManifest.xml:20:5-44
MERGED from [com.android.support:asynclayoutinflater:28.0.0] AndroidManifest.xml:20:5-44
MERGED from [com.android.support:loader:28.0.0] AndroidManifest.xml:20:5-44
MERGED from [com.android.support:loader:28.0.0] AndroidManifest.xml:20:5-44
MERGED from [com.android.support:support-vector-drawable:28.0.0] AndroidManifest.xml:20:5-44
MERGED from [com.android.support:support-vector-drawable:28.0.0] AndroidManifest.xml:20:5-44
MERGED from [com.android.support:support-media-compat:28.0.0] AndroidManifest.xml:20:5-44
MERGED from [com.android.support:support-media-compat:28.0.0] AndroidManifest.xml:20:5-44
MERGED from [com.android.support:support-compat:28.0.0] AndroidManifest.xml:20:5-44
MERGED from [com.android.support:support-compat:28.0.0] AndroidManifest.xml:20:5-44
MERGED from [com.android.support:cardview-v7:28.0.0] AndroidManifest.xml:20:5-44
MERGED from [com.android.support:cardview-v7:28.0.0] AndroidManifest.xml:20:5-44
MERGED from [com.sebchlan.picassocompat:picassocompat:1.2.1] AndroidManifest.xml:7:5-9:41
MERGED from [com.sebchlan.picassocompat:picassocompat:1.2.1] AndroidManifest.xml:7:5-9:41
MERGED from [com.zendesk:support-providers:3.0.1] AndroidManifest.xml:7:5-9:41
MERGED from [com.zendesk:support-providers:3.0.1] AndroidManifest.xml:7:5-9:41
MERGED from [com.google.dagger:dagger-android:2.23.2] AndroidManifest.xml:20:5-44
MERGED from [com.google.dagger:dagger-android:2.23.2] AndroidManifest.xml:20:5-44
MERGED from [com.android.support:versionedparcelable:28.0.0] AndroidManifest.xml:20:5-44
MERGED from [com.android.support:versionedparcelable:28.0.0] AndroidManifest.xml:20:5-44
MERGED from [android.arch.lifecycle:runtime:1.1.1] AndroidManifest.xml:20:5-44
MERGED from [android.arch.lifecycle:runtime:1.1.1] AndroidManifest.xml:20:5-44
MERGED from [com.android.support:interpolator:28.0.0] AndroidManifest.xml:20:5-44
MERGED from [com.android.support:interpolator:28.0.0] AndroidManifest.xml:20:5-44
MERGED from [com.android.support:cursoradapter:28.0.0] AndroidManifest.xml:20:5-44
MERGED from [com.android.support:cursoradapter:28.0.0] AndroidManifest.xml:20:5-44
MERGED from [com.android.support:documentfile:28.0.0] AndroidManifest.xml:20:5-44
MERGED from [com.android.support:documentfile:28.0.0] AndroidManifest.xml:20:5-44
MERGED from [com.android.support:localbroadcastmanager:28.0.0] AndroidManifest.xml:20:5-44
MERGED from [com.android.support:localbroadcastmanager:28.0.0] AndroidManifest.xml:20:5-44
MERGED from [com.android.support:print:28.0.0] AndroidManifest.xml:20:5-44
MERGED from [com.android.support:print:28.0.0] AndroidManifest.xml:20:5-44
MERGED from [android.arch.lifecycle:viewmodel:1.1.1] AndroidManifest.xml:20:5-44
MERGED from [android.arch.lifecycle:viewmodel:1.1.1] AndroidManifest.xml:20:5-44
MERGED from [com.zendesk:core:3.0.2] AndroidManifest.xml:7:5-9:41
MERGED from [com.zendesk:core:3.0.2] AndroidManifest.xml:7:5-9:41
MERGED from [android.arch.lifecycle:livedata:1.1.1] AndroidManifest.xml:20:5-44
MERGED from [android.arch.lifecycle:livedata:1.1.1] AndroidManifest.xml:20:5-44
MERGED from [android.arch.lifecycle:livedata-core:1.1.1] AndroidManifest.xml:20:5-44
MERGED from [android.arch.lifecycle:livedata-core:1.1.1] AndroidManifest.xml:20:5-44
MERGED from [android.arch.core:runtime:1.1.1] AndroidManifest.xml:20:5-44
MERGED from [android.arch.core:runtime:1.1.1] AndroidManifest.xml:20:5-44
MERGED from [com.sebchlan.picassocompat:picassocompat-252:1.2.1] AndroidManifest.xml:7:5-9:41
MERGED from [com.sebchlan.picassocompat:picassocompat-252:1.2.1] AndroidManifest.xml:7:5-9:41
MERGED from [com.sebchlan.picassocompat:picassocompat-271828:1.2.1] AndroidManifest.xml:7:5-9:41
MERGED from [com.sebchlan.picassocompat:picassocompat-271828:1.2.1] AndroidManifest.xml:7:5-9:41
MERGED from [com.sebchlan.picassocompat:picassocompat-parent:1.2.1] AndroidManifest.xml:7:5-9:41
MERGED from [com.sebchlan.picassocompat:picassocompat-parent:1.2.1] AndroidManifest.xml:7:5-9:41
MERGED from [com.crashlytics.sdk.android:answers-shim:0.0.6] AndroidManifest.xml:7:5-9:41
MERGED from [com.crashlytics.sdk.android:answers-shim:0.0.6] AndroidManifest.xml:7:5-9:41
INJECTED from src/debug/AndroidManifest.xml
INJECTED from src/debug/AndroidManifest.xml
	android:targetSdkVersion
		INJECTED from src/main/AndroidManifest.xml
		INJECTED from src/debug/AndroidManifest.xml
	android:minSdkVersion
		INJECTED from src/main/AndroidManifest.xml
		INJECTED from src/debug/AndroidManifest.xml
uses-permission#android.permission.INTERNET
ADDED from src/debug/AndroidManifest.xml:6:5-66
MERGED from [com.zopim.android:sdk:1.4.5] AndroidManifest.xml:17:5-67
MERGED from [com.zopim.android:sdk:1.4.5] AndroidManifest.xml:17:5-67
MERGED from [com.zopim.android:sdk-api:1.4.5] AndroidManifest.xml:17:5-67
MERGED from [com.zopim.android:sdk-api:1.4.5] AndroidManifest.xml:17:5-67
MERGED from [com.zendesk:core:3.0.2] AndroidManifest.xml:12:5-67
MERGED from [com.zendesk:core:3.0.2] AndroidManifest.xml:12:5-67
	android:name
		ADDED from src/debug/AndroidManifest.xml:6:22-64
uses-permission#android.permission.ACCESS_NETWORK_STATE
ADDED from [com.zopim.android:sdk:1.4.5] AndroidManifest.xml:19:5-79
MERGED from [com.zopim.android:sdk-api:1.4.5] AndroidManifest.xml:19:5-79
MERGED from [com.zopim.android:sdk-api:1.4.5] AndroidManifest.xml:19:5-79
MERGED from [com.zendesk:core:3.0.2] AndroidManifest.xml:13:5-79
MERGED from [com.zendesk:core:3.0.2] AndroidManifest.xml:13:5-79
	android:name
		ADDED from [com.zopim.android:sdk:1.4.5] AndroidManifest.xml:19:22-76
uses-permission#android.permission.SYSTEM_ALERT_WINDOW
ADDED from [com.zopim.android:sdk:1.4.5] AndroidManifest.xml:20:5-78
	android:name
		ADDED from [com.zopim.android:sdk:1.4.5] AndroidManifest.xml:20:22-75
service#com.zopim.android.sdk.widget.ChatWidgetService
ADDED from [com.zopim.android:sdk:1.4.5] AndroidManifest.xml:23:9-26:43
	android:exported
		ADDED from [com.zopim.android:sdk:1.4.5] AndroidManifest.xml:25:13-37
	android:stopWithTask
		ADDED from [com.zopim.android:sdk:1.4.5] AndroidManifest.xml:26:13-40
	android:name
		ADDED from [com.zopim.android:sdk:1.4.5] AndroidManifest.xml:24:13-74
activity#com.zopim.android.sdk.prechat.ZopimChatActivity
ADDED from [com.zopim.android:sdk:1.4.5] AndroidManifest.xml:29:9-39:20
	android:label
		ADDED from [com.zopim.android:sdk:1.4.5] AndroidManifest.xml:31:13-56
	android:windowSoftInputMode
		ADDED from [com.zopim.android:sdk:1.4.5] AndroidManifest.xml:33:13-70
	android:theme
		ADDED from [com.zopim.android:sdk:1.4.5] AndroidManifest.xml:32:13-50
	android:name
		ADDED from [com.zopim.android:sdk:1.4.5] AndroidManifest.xml:30:13-75
intent-filter#action:name:zopim.action.RESUME_CHAT+category:name:android.intent.category.DEFAULT
ADDED from [com.zopim.android:sdk:1.4.5] AndroidManifest.xml:34:13-38:29
	android:priority
		ADDED from [com.zopim.android:sdk:1.4.5] AndroidManifest.xml:34:28-52
action#zopim.action.RESUME_CHAT
ADDED from [com.zopim.android:sdk:1.4.5] AndroidManifest.xml:35:17-67
	android:name
		ADDED from [com.zopim.android:sdk:1.4.5] AndroidManifest.xml:35:25-64
category#android.intent.category.DEFAULT
ADDED from [com.zopim.android:sdk:1.4.5] AndroidManifest.xml:37:17-76
	android:name
		ADDED from [com.zopim.android:sdk:1.4.5] AndroidManifest.xml:37:27-73
activity#com.zopim.android.sdk.chatlog.ZopimCommentActivity
ADDED from [com.zopim.android:sdk:1.4.5] AndroidManifest.xml:40:9-44:75
	android:label
		ADDED from [com.zopim.android:sdk:1.4.5] AndroidManifest.xml:42:13-73
	android:windowSoftInputMode
		ADDED from [com.zopim.android:sdk:1.4.5] AndroidManifest.xml:44:13-72
	android:theme
		ADDED from [com.zopim.android:sdk:1.4.5] AndroidManifest.xml:43:13-50
	android:name
		ADDED from [com.zopim.android:sdk:1.4.5] AndroidManifest.xml:41:13-78
activity#zendesk.support.request.RequestActivity
ADDED from [com.zendesk:support:3.0.1] AndroidManifest.xml:26:9-28:58
	android:windowSoftInputMode
		ADDED from [com.zendesk:support:3.0.1] AndroidManifest.xml:28:13-55
	android:name
		ADDED from [com.zendesk:support:3.0.1] AndroidManifest.xml:27:13-67
activity#zendesk.support.guide.ViewArticleActivity
ADDED from [com.zendesk:support:3.0.1] AndroidManifest.xml:29:9-32:69
	android:label
		ADDED from [com.zendesk:support:3.0.1] AndroidManifest.xml:32:13-66
	android:configChanges
		ADDED from [com.zendesk:support:3.0.1] AndroidManifest.xml:31:13-59
	android:name
		ADDED from [com.zendesk:support:3.0.1] AndroidManifest.xml:30:13-69
activity#zendesk.support.guide.HelpCenterActivity
ADDED from [com.zendesk:support:3.0.1] AndroidManifest.xml:33:9-36:58
	android:label
		ADDED from [com.zendesk:support:3.0.1] AndroidManifest.xml:35:13-59
	android:windowSoftInputMode
		ADDED from [com.zendesk:support:3.0.1] AndroidManifest.xml:36:13-55
	android:name
		ADDED from [com.zendesk:support:3.0.1] AndroidManifest.xml:34:13-68
activity#zendesk.support.requestlist.RequestListActivity
ADDED from [com.zendesk:support:3.0.1] AndroidManifest.xml:37:9-39:67
	android:label
		ADDED from [com.zendesk:support:3.0.1] AndroidManifest.xml:39:13-64
	android:name
		ADDED from [com.zendesk:support:3.0.1] AndroidManifest.xml:38:13-75
receiver#zendesk.support.DeepLinkingBroadcastReceiver
ADDED from [com.zendesk:support:3.0.1] AndroidManifest.xml:41:9-47:20
	android:exported
		ADDED from [com.zendesk:support:3.0.1] AndroidManifest.xml:43:13-37
	android:name
		ADDED from [com.zendesk:support:3.0.1] AndroidManifest.xml:42:13-72
intent-filter#action:name:zendesk.support
ADDED from [com.zendesk:support:3.0.1] AndroidManifest.xml:44:13-46:29
action#zendesk.support
ADDED from [com.zendesk:support:3.0.1] AndroidManifest.xml:45:17-58
	android:name
		ADDED from [com.zendesk:support:3.0.1] AndroidManifest.xml:45:25-55
provider#zendesk.support.SupportSdkStartupProvider
ADDED from [com.zendesk:support:3.0.1] AndroidManifest.xml:49:9-53:40
	android:enabled
		ADDED from [com.zendesk:support:3.0.1] AndroidManifest.xml:52:13-35
	android:authorities
		ADDED from [com.zendesk:support:3.0.1] AndroidManifest.xml:51:13-93
	android:exported
		ADDED from [com.zendesk:support:3.0.1] AndroidManifest.xml:53:13-37
	android:name
		ADDED from [com.zendesk:support:3.0.1] AndroidManifest.xml:50:13-69
uses-permission#android.permission.READ_EXTERNAL_STORAGE
ADDED from [com.zendesk.belvedere2:belvedere:2.2.3] AndroidManifest.xml:11:5-80
	android:name
		ADDED from [com.zendesk.belvedere2:belvedere:2.2.3] AndroidManifest.xml:11:22-77
uses-permission#android.permission.FOREGROUND_SERVICE
ADDED from [com.zopim.android:sdk-api:1.4.5] AndroidManifest.xml:22:5-77
	android:name
		ADDED from [com.zopim.android:sdk-api:1.4.5] AndroidManifest.xml:22:22-74
service#com.zopim.android.sdk.api.ChatService
ADDED from [com.zopim.android:sdk-api:1.4.5] AndroidManifest.xml:27:9-29:40
	android:exported
		ADDED from [com.zopim.android:sdk-api:1.4.5] AndroidManifest.xml:29:13-37
	android:name
		ADDED from [com.zopim.android:sdk-api:1.4.5] AndroidManifest.xml:28:13-65
provider#com.zendesk.belvedere.BelvedereFileProvider
ADDED from [com.zendesk:belvedere:1.1.1.1] AndroidManifest.xml:12:9-20:20
	android:grantUriPermissions
		ADDED from [com.zendesk:belvedere:1.1.1.1] AndroidManifest.xml:16:13-47
	android:authorities
		ADDED from [com.zendesk:belvedere:1.1.1.1] AndroidManifest.xml:14:13-73
	android:exported
		ADDED from [com.zendesk:belvedere:1.1.1.1] AndroidManifest.xml:15:13-37
	android:name
		ADDED from [com.zendesk:belvedere:1.1.1.1] AndroidManifest.xml:13:13-71
meta-data#android.support.FILE_PROVIDER_PATHS
ADDED from [com.zendesk:belvedere:1.1.1.1] AndroidManifest.xml:17:13-19:72
	android:resource
		ADDED from [com.zendesk:belvedere:1.1.1.1] AndroidManifest.xml:19:17-69
	android:name
		ADDED from [com.zendesk:belvedere:1.1.1.1] AndroidManifest.xml:18:17-67
provider#android.arch.lifecycle.ProcessLifecycleOwnerInitializer
ADDED from [android.arch.lifecycle:extensions:1.1.1] AndroidManifest.xml:23:9-27:43
	android:authorities
		ADDED from [android.arch.lifecycle:extensions:1.1.1] AndroidManifest.xml:25:13-68
	android:multiprocess
		ADDED from [android.arch.lifecycle:extensions:1.1.1] AndroidManifest.xml:27:13-40
	android:exported
		ADDED from [android.arch.lifecycle:extensions:1.1.1] AndroidManifest.xml:26:13-37
	android:name
		ADDED from [android.arch.lifecycle:extensions:1.1.1] AndroidManifest.xml:24:13-83
provider#zendesk.belvedere.BelvedereFileProvider
ADDED from [com.zendesk.belvedere2:belvedere-core:2.2.3] AndroidManifest.xml:12:9-21:20
	android:readPermission
		ADDED from [com.zendesk.belvedere2:belvedere-core:2.2.3] AndroidManifest.xml:17:13-42
	android:grantUriPermissions
		ADDED from [com.zendesk.belvedere2:belvedere-core:2.2.3] AndroidManifest.xml:16:13-47
	android:authorities
		ADDED from [com.zendesk.belvedere2:belvedere-core:2.2.3] AndroidManifest.xml:14:13-74
	android:exported
		ADDED from [com.zendesk.belvedere2:belvedere-core:2.2.3] AndroidManifest.xml:15:13-37
	android:name
		ADDED from [com.zendesk.belvedere2:belvedere-core:2.2.3] AndroidManifest.xml:13:13-67